%DAEMON-3-SNMPD_TRAP_WARM_START: trap_generate_warm: SNMP trap: warm start
Feb 22 20:35:07 router1 snmpd[359]:
%DAEMON-6-SNMPD_THROTTLE_QUEUE_DRAINED: trap_throttle_timer_handler: cleared all throttled traps
Feb 27 07:34:56 router1 snmpd[359]:
%DAEMON-3-SNMPD_TRAP_WARM_START: trap_generate_warm: SNMP trap: warm start
Feb 27 07:38:19 router1 snmpd[359]:
%DAEMON-2-SNMPD_TRAP_COLD_START: trap_generate_cold: SNMP trap: cold start
%DAEMON-3-SNMPD_TRAP_WARM_START: trap_generate_warm: SNMP trap: warm start
Feb 22 20:35:07 router1 snmpd[359]:
%DAEMON-6-SNMPD_THROTTLE_QUEUE_DRAINED: trap_throttle_timer_handler: cleared all throttled traps
Feb 27 07:34:56 router1 snmpd[359]:
%DAEMON-3-SNMPD_TRAP_WARM_START: trap_generate_warm: SNMP trap: warm start
Feb 27 07:38:19 router1 snmpd[359]:
%DAEMON-2-SNMPD_TRAP_COLD_START: trap_generate_cold: SNMP trap: cold start
%DAEMON-3-SNMPD_TRAP_WARM_START: trap_generate_warm: SNMP trap: warm start
Feb 22 20:35:07 router1 snmpd[359]:
%DAEMON-6-SNMPD_THROTTLE_QUEUE_DRAINED: trap_throttle_timer_handler: cleared all throttled traps
Feb 27 07:34:56 router1 snmpd[359]:
Feb 22 20:35:07 router1 snmpd[359]: SNMPD_THROTTLE_QUEUE_DRAINED: trap_throttle_timer_handler: cleared all throttled traps
Feb 27 07:34:56 router1 snmpd[359]: SNMPD_TRAP_WARM_START: trap_generate_warm: SNMP trap: warm start
Feb 27 07:38:19 router1 snmpd[359]: SNMPD_TRAP_COLD_START: trap_generate_cold: SNMP trap: cold start
%DAEMON-3-SNMPD_TRAP_WARM_START: trap_generate_warm: SNMP trap: warm start
Feb 27 07:38:19 router1 snmpd[359]:
%DAEMON-2-SNMPD_TRAP_COLD_START: trap_generate_cold: SNMP trap: cold start
%DAEMON-3-SNMPD_TRAP_WARM_START: trap_generate_warm: SNMP trap: warm start
Feb 22 20:35:07 router1 snmpd[359]:
%DAEMON-6-SNMPD_THROTTLE_QUEUE_DRAINED: trap_throttle_timer_handler: cleared all throttled traps
Feb 27 07:34:56 router1 snmpd[359]:
%DAEMON-3-SNMPD_TRAP_WARM_START: trap_generate_warm: SNMP trap: warm start
Feb 27 07:38:19 router1 snmpd[359]:
%DAEMON-2-SNMPD_TRAP_COLD_START: trap_generate_cold: SNMP trap: cold start
%DAEMON-3-SNMPD_TRAP_WARM_START: trap_generate_warm: SNMP trap: warm start
Feb 22 20:35:07 router1 snmpd[359]:
Apr 25 14:01:12 user Throughput exceed 20Gbps and 7Mpps in 35% of last 15 minutes, above the time threshold 10%!
Apr 25 14:16:12 user Throughput exceed 20Gbps and 7Mpps in 95% of last 15 minutes, above the time threshold 10%!
%DAEMON-6-SNMPD_THROTTLE_QUEUE_DRAINED: trap_throttle_timer_handler: cleared all throttled traps
Feb 27 07:34:56 router1 snmpd[359]:
%DAEMON-3-SNMPD_TRAP_WARM_START: trap_generate_warm: SNMP trap: warm start
Feb 27 07:38:19 router1 snmpd[359]:
%DAEMON-2-SNMPD_TRAP_COLD_START: trap_generate_cold: SNMP trap: cold start
%DAEMON-3-SNMPD_TRAP_WARM_START: trap_generate_warm: SNMP trap: warm start
Feb 22 20:35:07 router1 snmpd[359]:
%DAEMON-6-SNMPD_THROTTLE_QUEUE_DRAINED: trap_throttle_timer_handler: cleared all throttled traps
Feb 27 07:34:56 router1 snmpd[359]:
%DAEMON-3-SNMPD_TRAP_WARM_START: trap_generate_warm: SNMP trap: warm start
Feb 27 07:38:19 router1 snmpd[359]:
%DAEMON-2-SNMPD_TRAP_COLD_START: trap_generate_cold: SNMP trap: cold start
Apr 25 14:01:12 user Throughput exceed 20Gbps and 7Mpps in 35% of last 15 minutes, above the time threshold 10%!
Apr 25 14:16:12 user Throughput exceed 20Gbps and 7Mpps in 95% of last 15 minutes, above the time threshold 10%!
Apr 25 14:01:12 user Throughput exceed 20Gbps and 7Mpps in 35% of last 15 minutes, above the time threshold 10%!
Apr 25 14:16:12 user Throughput exceed 20Gbps and 7Mpps in 95% of last 15 minutes, above the time threshold 10%!
Apr 25 14:01:12 user Throughput exceed 20Gbps and 7Mpps in 35% of last 15 minutes, above the time threshold 10%!
Apr 25 14:16:12 user Throughput exceed 20Gbps and 7Mpps in 95% of last 15 minutes, above the time threshold 10%!
Feb 22 20:35:07 router1 snmpd[359]: SNMPD_THROTTLE_QUEUE_DRAINED: trap_throttle_timer_handler: cleared all throttled traps
Feb 27 07:34:56 router1 snmpd[359]: SNMPD_TRAP_WARM_START: trap_generate_warm: SNMP trap: warm start
Feb 27 07:38:19 router1 snmpd[359]: SNMPD_TRAP_COLD_START: trap_generate_cold: SNMP trap: cold start
Feb 28 10:32:22 router1 mgd[3606]: UI_DBASE_LOGOUT_EVENT: User 'barbara' exiting configuration mode
Feb 28 11:36:15 router1 mgd[3606]: UI_COMMIT: User 'root' performed commit: no comment
Feb 28 11:46:37 router1 mib2d[2905]: SNMP_TRAP_LINK_DOWN: ifIndex 82, ifAdminStatus up(1), ifOperStatus down(2), ifName at-1/0/0

